[I 2025-11-12 18:12:11,619] Trial 26 finished with value: 0.7584768638766274 and parameters: {'learning_rate': 0.0013774104455433975, 'hidden_layers': 2, 'hidden_size': 128, 'dropout_rate': 0.271349398681457, 'l2_lambda': 0.00018560495370144255, 'batch_size': 64}. Best is trial 22 with value: 0.7789763349549079.

--- Starting Trial 27 ---
  Params: 
    learning_rate: 0.0007877466885436795
    hidden_layers: 3
    hidden_size: 128
    dropout_rate: 0.23585183005449264
    l2_lambda: 0.0006605990936070004
    batch_size: 128
  Training Fold 1 on cuda:0...
Early stopping at epoch 7
    Fold 1 Best F1: 0.7344
  Training Fold 2 on cuda:1...
Early stopping at epoch 8
    Fold 2 Best F1: 0.7650
--- Trial 27 Finished ---
  Mean F1 Score: 0.7497
  Std F1 Score: 0.0153
[I 2025-11-12 18:12:46,443] Trial 27 finished with value: 0.7496690394137847 and parameters: {'learning_rate': 0.0007877466885436795, 'hidden_layers': 3, 'hidden_size': 128, 'dropout_rate': 0.23585183005449264, 'l2_lambda': 0.0006605990936070004, 'batch_size': 128}. Best is trial 22 with value: 0.7789763349549079.

--- Starting Trial 28 ---
  Params: 
    learning_rate: 0.0011200947478910517
    hidden_layers: 1
    hidden_size: 128
    dropout_rate: 0.3360662195819697
    l2_lambda: 0.00012599458530494195
    batch_size: 256
  Training Fold 1 on cuda:0...
Early stopping at epoch 10
    Fold 1 Best F1: 0.7605
  Training Fold 2 on cuda:1...
Early stopping at epoch 7
    Fold 2 Best F1: 0.7629
--- Trial 28 Finished ---
  Mean F1 Score: 0.7617
  Std F1 Score: 0.0012
[I 2025-11-12 18:13:03,697] Trial 28 finished with value: 0.7617128430958449 and parameters: {'learning_rate': 0.0011200947478910517, 'hidden_layers': 1, 'hidden_size': 128, 'dropout_rate': 0.3360662195819697, 'l2_lambda': 0.00012599458530494195, 'batch_size': 256}. Best is trial 22 with value: 0.7789763349549079.

--- Starting Trial 29 ---
  Params: 
    learning_rate: 0.00035624908939669165
    hidden_layers: 2
    hidden_size: 128
    dropout_rate: 0.3002272250139228
    l2_lambda: 0.0011570704573308584
    batch_size: 128
  Training Fold 1 on cuda:0...
Early stopping at epoch 9
    Fold 1 Best F1: 0.7271
  Training Fold 2 on cuda:1...
Early stopping at epoch 7
    Fold 2 Best F1: 0.7330
--- Trial 29 Finished ---
  Mean F1 Score: 0.7301
  Std F1 Score: 0.0030
[I 2025-11-12 18:13:35,229] Trial 29 finished with value: 0.7300593125738892 and parameters: {'learning_rate': 0.00035624908939669165, 'hidden_layers': 2, 'hidden_size': 128, 'dropout_rate': 0.3002272250139228, 'l2_lambda': 0.0011570704573308584, 'batch_size': 128}. Best is trial 22 with value: 0.7789763349549079.

--- Starting Trial 30 ---
  Params: 
    learning_rate: 0.0002322604095869973
    hidden_layers: 2
    hidden_size: 128
    dropout_rate: 0.289148762551977
    l2_lambda: 0.0008703807919306555
    batch_size: 32
  Training Fold 1 on cuda:0...
Epoch 10: Train Loss=0.1910, Val Loss=0.7089, Train F1=0.9353, Val F1=0.7337
Early stopping at epoch 11
    Fold 1 Best F1: 0.7471
  Training Fold 2 on cuda:1...
Early stopping at epoch 7
    Fold 2 Best F1: 0.7446
--- Trial 30 Finished ---
  Mean F1 Score: 0.7458
  Std F1 Score: 0.0012
[I 2025-11-12 18:15:32,227] Trial 30 finished with value: 0.7458366363108858 and parameters: {'learning_rate': 0.0002322604095869973, 'hidden_layers': 2, 'hidden_size': 128, 'dropout_rate': 0.289148762551977, 'l2_lambda': 0.0008703807919306555, 'batch_size': 32}. Best is trial 22 with value: 0.7789763349549079.

--- Starting Trial 31 ---
  Params: 
    learning_rate: 0.0022645913580010262
    hidden_layers: 1
    hidden_size: 128
    dropout_rate: 0.362421463849523
    l2_lambda: 0.0004970534993908161
    batch_size: 32
  Training Fold 1 on cuda:0...
Epoch 10: Train Loss=0.1114, Val Loss=0.6411, Train F1=0.9589, Val F1=0.7287
Early stopping at epoch 11
    Fold 1 Best F1: 0.7713
  Training Fold 2 on cuda:1...
Epoch 10: Train Loss=0.0961, Val Loss=1.0047, Train F1=0.9716, Val F1=0.6594
Early stopping at epoch 11
    Fold 2 Best F1: 0.8134
--- Trial 31 Finished ---
  Mean F1 Score: 0.7923
  Std F1 Score: 0.0211
[I 2025-11-12 18:17:04,154] Trial 31 finished with value: 0.7923280861042032 and parameters: {'learning_rate': 0.0022645913580010262, 'hidden_layers': 1, 'hidden_size': 128, 'dropout_rate': 0.362421463849523, 'l2_lambda': 0.0004970534993908161, 'batch_size': 32}. Best is trial 31 with value: 0.7923280861042032.

--- Starting Trial 32 ---
  Params: 
    learning_rate: 0.0021872872288426063
    hidden_layers: 1
    hidden_size: 128
    dropout_rate: 0.3663473855535805
    l2_lambda: 0.0003290635667807548
    batch_size: 32
  Training Fold 1 on cuda:0...
Early stopping at epoch 7
    Fold 1 Best F1: 0.7694
  Training Fold 2 on cuda:1...
Epoch 10: Train Loss=0.0802, Val Loss=0.6219, Train F1=0.9743, Val F1=0.7336
Early stopping at epoch 12
    Fold 2 Best F1: 0.7691
--- Trial 32 Finished ---
  Mean F1 Score: 0.7692
  Std F1 Score: 0.0002
[I 2025-11-12 18:18:41,296] Trial 32 finished with value: 0.7692427734678708 and parameters: {'learning_rate': 0.0021872872288426063, 'hidden_layers': 1, 'hidden_size': 128, 'dropout_rate': 0.3663473855535805, 'l2_lambda': 0.0003290635667807548, 'batch_size': 32}. Best is trial 31 with value: 0.7923280861042032.

--- Starting Trial 33 ---
  Params: 
    learning_rate: 0.0011424185989819086
    hidden_layers: 1
    hidden_size: 128
    dropout_rate: 0.33463348210106497
    l2_lambda: 0.00048146580644127556
    batch_size: 32
  Training Fold 1 on cuda:0...
Epoch 10: Train Loss=0.0886, Val Loss=0.5782, Train F1=0.9658, Val F1=0.7899
Early stopping at epoch 15
    Fold 1 Best F1: 0.7899
  Training Fold 2 on cuda:1...
Early stopping at epoch 6
    Fold 2 Best F1: 0.7584
--- Trial 33 Finished ---
  Mean F1 Score: 0.7741
  Std F1 Score: 0.0157
[I 2025-11-12 18:20:40,234] Trial 33 finished with value: 0.7741370403896739 and parameters: {'learning_rate': 0.0011424185989819086, 'hidden_layers': 1, 'hidden_size': 128, 'dropout_rate': 0.33463348210106497, 'l2_lambda': 0.00048146580644127556, 'batch_size': 32}. Best is trial 31 with value: 0.7923280861042032.

--- Starting Trial 34 ---
  Params: 
    learning_rate: 0.0011556256476363482
    hidden_layers: 1
    hidden_size: 128
    dropout_rate: 0.32662990062641173
    l2_lambda: 0.0005319706512866738
    batch_size: 32
  Training Fold 1 on cuda:0...
Early stopping at epoch 9
    Fold 1 Best F1: 0.7641
  Training Fold 2 on cuda:1...
Early stopping at epoch 6
    Fold 2 Best F1: 0.7787
--- Trial 34 Finished ---
  Mean F1 Score: 0.7714
  Std F1 Score: 0.0073
[I 2025-11-12 18:21:53,140] Trial 34 finished with value: 0.7714312591479787 and parameters: {'learning_rate': 0.0011556256476363482, 'hidden_layers': 1, 'hidden_size': 128, 'dropout_rate': 0.32662990062641173, 'l2_lambda': 0.0005319706512866738, 'batch_size': 32}. Best is trial 31 with value: 0.7923280861042032.

--- Starting Trial 35 ---
  Params: 
    learning_rate: 0.0005751703141470816
    hidden_layers: 1
    hidden_size: 128
    dropout_rate: 0.3674459151120385
    l2_lambda: 0.0003521697984141044
    batch_size: 32
  Training Fold 1 on cuda:0...
Epoch 10: Train Loss=0.0844, Val Loss=0.6975, Train F1=0.9720, Val F1=0.7538
Early stopping at epoch 11
    Fold 1 Best F1: 0.7538
  Training Fold 2 on cuda:1...
Early stopping at epoch 7
    Fold 2 Best F1: 0.7818
--- Trial 35 Finished ---
  Mean F1 Score: 0.7678
  Std F1 Score: 0.0140
[I 2025-11-12 18:23:21,754] Trial 35 finished with value: 0.7677959933789893 and parameters: {'learning_rate': 0.0005751703141470816, 'hidden_layers': 1, 'hidden_size': 128, 'dropout_rate': 0.3674459151120385, 'l2_lambda': 0.0003521697984141044, 'batch_size': 32}. Best is trial 31 with value: 0.7923280861042032.

--- Starting Trial 36 ---
  Params: 
    learning_rate: 0.0007664616973220181
    hidden_layers: 1
    hidden_size: 128
    dropout_rate: 0.38505914391100593
    l2_lambda: 0.00010304624970070223
    batch_size: 256
  Training Fold 1 on cuda:0...
Early stopping at epoch 8
    Fold 1 Best F1: 0.7459
  Training Fold 2 on cuda:1...
Early stopping at epoch 7
    Fold 2 Best F1: 0.7507
--- Trial 36 Finished ---
  Mean F1 Score: 0.7483
  Std F1 Score: 0.0024
[I 2025-11-12 18:23:35,867] Trial 36 finished with value: 0.7482776759432359 and parameters: {'learning_rate': 0.0007664616973220181, 'hidden_layers': 1, 'hidden_size': 128, 'dropout_rate': 0.38505914391100593, 'l2_lambda': 0.00010304624970070223, 'batch_size': 256}. Best is trial 31 with value: 0.7923280861042032.

--- Starting Trial 37 ---
  Params: 
    learning_rate: 0.00010511553865276261
    hidden_layers: 1
    hidden_size: 128
    dropout_rate: 0.3232864314028497
    l2_lambda: 0.00020632416918024175
    batch_size: 32
  Training Fold 1 on cuda:0...
Epoch 10: Train Loss=0.1197, Val Loss=0.7990, Train F1=0.9512, Val F1=0.7151
Early stopping at epoch 11
    Fold 1 Best F1: 0.7217
  Training Fold 2 on cuda:1...
Early stopping at epoch 10
    Fold 2 Best F1: 0.7585
--- Trial 37 Finished ---
  Mean F1 Score: 0.7401
  Std F1 Score: 0.0184
[I 2025-11-12 18:25:09,118] Trial 37 finished with value: 0.7400921847017441 and parameters: {'learning_rate': 0.00010511553865276261, 'hidden_layers': 1, 'hidden_size': 128, 'dropout_rate': 0.3232864314028497, 'l2_lambda': 0.00020632416918024175, 'batch_size': 32}. Best is trial 31 with value: 0.7923280861042032.

--- Starting Trial 38 ---
  Params: 
    learning_rate: 0.003910570446353588
    hidden_layers: 1
    hidden_size: 128
    dropout_rate: 0.35459081068905723
    l2_lambda: 0.000593602420659887
    batch_size: 64
  Training Fold 1 on cuda:0...
Epoch 10: Train Loss=0.1087, Val Loss=0.7644, Train F1=0.9439, Val F1=0.7532
Early stopping at epoch 18
    Fold 1 Best F1: 0.7574
  Training Fold 2 on cuda:1...
Epoch 10: Train Loss=0.1030, Val Loss=0.5867, Train F1=0.9563, Val F1=0.7433
Early stopping at epoch 13
    Fold 2 Best F1: 0.7806
--- Trial 38 Finished ---
  Mean F1 Score: 0.7690
  Std F1 Score: 0.0116
[I 2025-11-12 18:26:28,343] Trial 38 finished with value: 0.7689917007363032 and parameters: {'learning_rate': 0.003910570446353588, 'hidden_layers': 1, 'hidden_size': 128, 'dropout_rate': 0.35459081068905723, 'l2_lambda': 0.000593602420659887, 'batch_size': 64}. Best is trial 31 with value: 0.7923280861042032.

--- Starting Trial 39 ---
  Params: 
    learning_rate: 0.006525492464954867
    hidden_layers: 1
    hidden_size: 64
    dropout_rate: 0.2626632022686026
    l2_lambda: 0.0010011530912784905
    batch_size: 32
  Training Fold 1 on cuda:0...
Early stopping at epoch 6
    Fold 1 Best F1: 0.7368
  Training Fold 2 on cuda:1...
Early stopping at epoch 6
    Fold 2 Best F1: 0.7671
--- Trial 39 Finished ---
  Mean F1 Score: 0.7520
  Std F1 Score: 0.0151
[I 2025-11-12 18:27:20,500] Trial 39 finished with value: 0.7519563964977494 and parameters: {'learning_rate': 0.006525492464954867, 'hidden_layers': 1, 'hidden_size': 64, 'dropout_rate': 0.2626632022686026, 'l2_lambda': 0.0010011530912784905, 'batch_size': 32}. Best is trial 31 with value: 0.7923280861042032.

--- Starting Trial 40 ---
  Params: 
    learning_rate: 0.0013133488534663267
    hidden_layers: 1
    hidden_size: 128
    dropout_rate: 0.2372112932698302
    l2_lambda: 0.000279844035023433
    batch_size: 128
  Training Fold 1 on cuda:0...
Early stopping at epoch 8
    Fold 1 Best F1: 0.7536
  Training Fold 2 on cuda:1...
Early stopping at epoch 7
    Fold 2 Best F1: 0.7530
--- Trial 40 Finished ---
  Mean F1 Score: 0.7533
  Std F1 Score: 0.0003
[I 2025-11-12 18:27:42,568] Trial 40 finished with value: 0.7533342876960292 and parameters: {'learning_rate': 0.0013133488534663267, 'hidden_layers': 1, 'hidden_size': 128, 'dropout_rate': 0.2372112932698302, 'l2_lambda': 0.000279844035023433, 'batch_size': 128}. Best is trial 31 with value: 0.7923280861042032.

--- Starting Trial 41 ---
  Params: 
    learning_rate: 0.0019950660495361853
    hidden_layers: 2
    hidden_size: 128
    dropout_rate: 0.305006413240607
    l2_lambda: 0.0008173835791404396
    batch_size: 32
  Training Fold 1 on cuda:0...
Early stopping at epoch 6
    Fold 1 Best F1: 0.7543
  Training Fold 2 on cuda:1...
Early stopping at epoch 7
    Fold 2 Best F1: 0.7961
--- Trial 41 Finished ---
  Mean F1 Score: 0.7752
  Std F1 Score: 0.0209
[I 2025-11-12 18:29:00,831] Trial 41 finished with value: 0.7751963431278384 and parameters: {'learning_rate': 0.0019950660495361853, 'hidden_layers': 2, 'hidden_size': 128, 'dropout_rate': 0.305006413240607, 'l2_lambda': 0.0008173835791404396, 'batch_size': 32}. Best is trial 31 with value: 0.7923280861042032.

--- Starting Trial 42 ---
  Params: 
    learning_rate: 0.0009334814612180141
    hidden_layers: 2
    hidden_size: 128
    dropout_rate: 0.30246096098219544
    l2_lambda: 0.001801937620277488
    batch_size: 32
  Training Fold 1 on cuda:0...
Early stopping at epoch 8
    Fold 1 Best F1: 0.7410
  Training Fold 2 on cuda:1...
Early stopping at epoch 6
    Fold 2 Best F1: 0.7723
--- Trial 42 Finished ---
  Mean F1 Score: 0.7567
  Std F1 Score: 0.0156
[I 2025-11-12 18:30:26,820] Trial 42 finished with value: 0.7566526630596344 and parameters: {'learning_rate': 0.0009334814612180141, 'hidden_layers': 2, 'hidden_size': 128, 'dropout_rate': 0.30246096098219544, 'l2_lambda': 0.001801937620277488, 'batch_size': 32}. Best is trial 31 with value: 0.7923280861042032.

--- Starting Trial 43 ---
  Params: 
    learning_rate: 0.0018309005185654524
    hidden_layers: 2
    hidden_size: 128
    dropout_rate: 0.3345954654667941
    l2_lambda: 0.0010437870243930002
    batch_size: 32
  Training Fold 1 on cuda:0...
Early stopping at epoch 9
    Fold 1 Best F1: 0.7591
  Training Fold 2 on cuda:1...
Early stopping at epoch 8
    Fold 2 Best F1: 0.8021
--- Trial 43 Finished ---
  Mean F1 Score: 0.7806
  Std F1 Score: 0.0215
[I 2025-11-12 18:32:04,495] Trial 43 finished with value: 0.7806300612175168 and parameters: {'learning_rate': 0.0018309005185654524, 'hidden_layers': 2, 'hidden_size': 128, 'dropout_rate': 0.3345954654667941, 'l2_lambda': 0.0010437870243930002, 'batch_size': 32}. Best is trial 31 with value: 0.7923280861042032.

--- Starting Trial 44 ---
  Params: 
    learning_rate: 0.005735107791036525
    hidden_layers: 2
    hidden_size: 64
    dropout_rate: 0.27949062184060136
    l2_lambda: 0.0011802848369890366
    batch_size: 32
  Training Fold 1 on cuda:0...
Early stopping at epoch 6
    Fold 1 Best F1: 0.7273
  Training Fold 2 on cuda:1...
Early stopping at epoch 6
    Fold 2 Best F1: 0.7817
--- Trial 44 Finished ---
  Mean F1 Score: 0.7545
  Std F1 Score: 0.0272
[I 2025-11-12 18:33:13,084] Trial 44 finished with value: 0.7545091322835833 and parameters: {'learning_rate': 0.005735107791036525, 'hidden_layers': 2, 'hidden_size': 64, 'dropout_rate': 0.27949062184060136, 'l2_lambda': 0.0011802848369890366, 'batch_size': 32}. Best is trial 31 with value: 0.7923280861042032.

--- Starting Trial 45 ---
  Params: 
    learning_rate: 0.002864252862266297
    hidden_layers: 2
    hidden_size: 128
    dropout_rate: 0.20264385579193245
    l2_lambda: 0.001608177868814825
    batch_size: 256
  Training Fold 1 on cuda:0...
Early stopping at epoch 8
    Fold 1 Best F1: 0.7375
  Training Fold 2 on cuda:1...
Early stopping at epoch 7
    Fold 2 Best F1: 0.7570
--- Trial 45 Finished ---
  Mean F1 Score: 0.7472
  Std F1 Score: 0.0097
[I 2025-11-12 18:33:30,359] Trial 45 finished with value: 0.7472400982391674 and parameters: {'learning_rate': 0.002864252862266297, 'hidden_layers': 2, 'hidden_size': 128, 'dropout_rate': 0.20264385579193245, 'l2_lambda': 0.001608177868814825, 'batch_size': 256}. Best is trial 31 with value: 0.7923280861042032.

--- Starting Trial 46 ---
  Params: 
    learning_rate: 0.0016703521682998718
    hidden_layers: 2
    hidden_size: 128
    dropout_rate: 0.25099351048827656
    l2_lambda: 0.0009643006510706816
    batch_size: 32
  Training Fold 1 on cuda:0...
Early stopping at epoch 10
    Fold 1 Best F1: 0.7638
  Training Fold 2 on cuda:1...
Early stopping at epoch 7
    Fold 2 Best F1: 0.7877
--- Trial 46 Finished ---
  Mean F1 Score: 0.7758
  Std F1 Score: 0.0120
[I 2025-11-12 18:35:16,945] Trial 46 finished with value: 0.7757508194758997 and parameters: {'learning_rate': 0.0016703521682998718, 'hidden_layers': 2, 'hidden_size': 128, 'dropout_rate': 0.25099351048827656, 'l2_lambda': 0.0009643006510706816, 'batch_size': 32}. Best is trial 31 with value: 0.7923280861042032.

--- Starting Trial 47 ---
  Params: 
    learning_rate: 0.003544295125562645
    hidden_layers: 2
    hidden_size: 128
    dropout_rate: 0.24622927444782428
    l2_lambda: 0.002037791550599663
    batch_size: 32
  Training Fold 1 on cuda:0...
Early stopping at epoch 10
    Fold 1 Best F1: 0.7380
  Training Fold 2 on cuda:1...
Epoch 10: Train Loss=0.3010, Val Loss=0.5925, Train F1=0.9124, Val F1=0.7294
Early stopping at epoch 14
    Fold 2 Best F1: 0.7704
--- Trial 47 Finished ---
  Mean F1 Score: 0.7542
  Std F1 Score: 0.0162
[I 2025-11-12 18:37:49,632] Trial 47 finished with value: 0.7542004035355094 and parameters: {'learning_rate': 0.003544295125562645, 'hidden_layers': 2, 'hidden_size': 128, 'dropout_rate': 0.24622927444782428, 'l2_lambda': 0.002037791550599663, 'batch_size': 32}. Best is trial 31 with value: 0.7923280861042032.

--- Starting Trial 48 ---
  Params: 
    learning_rate: 0.0015485062825048614
    hidden_layers: 2
    hidden_size: 64
    dropout_rate: 0.267062541177075
    l2_lambda: 0.0010227503909038093
    batch_size: 32
  Training Fold 1 on cuda:0...
Early stopping at epoch 6
    Fold 1 Best F1: 0.7564
  Training Fold 2 on cuda:1...
Early stopping at epoch 6
    Fold 2 Best F1: 0.7562
--- Trial 48 Finished ---
  Mean F1 Score: 0.7563
  Std F1 Score: 0.0001
[I 2025-11-12 18:38:57,163] Trial 48 finished with value: 0.7562984294804243 and parameters: {'learning_rate': 0.0015485062825048614, 'hidden_layers': 2, 'hidden_size': 64, 'dropout_rate': 0.267062541177075, 'l2_lambda': 0.0010227503909038093, 'batch_size': 32}. Best is trial 31 with value: 0.7923280861042032.

--- Starting Trial 49 ---
  Params: 
    learning_rate: 0.002484144966675976
    hidden_layers: 2
    hidden_size: 128
    dropout_rate: 0.2272929027473153
    l2_lambda: 0.00038292066199416985
    batch_size: 32
  Training Fold 1 on cuda:0...
Epoch 10: Train Loss=0.1186, Val Loss=0.6124, Train F1=0.9601, Val F1=0.7955
Early stopping at epoch 11
    Fold 1 Best F1: 0.7955
  Training Fold 2 on cuda:1...
Epoch 10: Train Loss=0.1147, Val Loss=0.6120, Train F1=0.9653, Val F1=0.7750
Early stopping at epoch 13
    Fold 2 Best F1: 0.7836
--- Trial 49 Finished ---
  Mean F1 Score: 0.7896
  Std F1 Score: 0.0060
[I 2025-11-12 18:41:22,286] Trial 49 finished with value: 0.7895529984787883 and parameters: {'learning_rate': 0.002484144966675976, 'hidden_layers': 2, 'hidden_size': 128, 'dropout_rate': 0.2272929027473153, 'l2_lambda': 0.00038292066199416985, 'batch_size': 32}. Best is trial 31 with value: 0.7923280861042032.

===== OPTUNA STUDY COMPLETE =====
Number of finished trials:  50
Best trial:
  Value (Best Mean F1): 0.7923
  Params: 
    learning_rate: 0.0022645913580010262
    hidden_layers: 1
    hidden_size: 128
    dropout_rate: 0.362421463849523
    l2_lambda: 0.0004970534993908161
    batch_size: 32

===== RE-TRAINING WITH BEST PARAMS =====

--- Fold 1/6 ---
Best F1 for Fold 1: 0.8466

--- Fold 2/6 ---
Best F1 for Fold 2: 0.8658

--- Fold 3/6 ---
Best F1 for Fold 3: 0.8573

--- Fold 4/6 ---
Best F1 for Fold 4: 0.8795

--- Fold 5/6 ---
Best F1 for Fold 5: 0.8149

--- Fold 6/6 ---
Best F1 for Fold 6: 0.9096

===== FINAL EVALUATION COMPLETE =====
Final Mean F1 over 6 folds: 0.8623 (+/- 0.0290)

